{
  "stats": {
    "suites": 1,
    "tests": 1,
    "passes": 0,
    "pending": 0,
    "failures": 1,
    "start": "2024-05-17T07:47:10.019Z",
    "end": "2024-05-17T07:47:10.670Z",
    "duration": 651,
    "testsRegistered": 20,
    "passPercent": 0,
    "pendingPercent": 0,
    "other": 0,
    "hasOther": false,
    "skipped": 19,
    "hasSkipped": true
  },
  "results": [
    {
      "uuid": "965bce94-1b09-4dd3-8e3f-54d7c79c9d5a",
      "title": "",
      "fullFile": "cypress\\e2e\\functional\\check_visibility.cy.js",
      "file": "cypress\\e2e\\functional\\check_visibility.cy.js",
      "beforeHooks": [],
      "afterHooks": [],
      "tests": [],
      "suites": [
        {
          "uuid": "97cb55ea-542f-4f37-bdad-13790e47a1f2",
          "title": "Verify the visibility of calculator elements on the screen",
          "fullFile": "",
          "file": "",
          "beforeHooks": [],
          "afterHooks": [],
          "tests": [
            {
              "title": "Calculator component should be visible",
              "fullTitle": "Verify the visibility of calculator elements on the screen Calculator component should be visible",
              "timedOut": null,
              "duration": 569,
              "state": "failed",
              "speed": null,
              "pass": false,
              "fail": true,
              "pending": false,
              "context": "{\n  \"title\": \"cypress-mochawesome-reporter-screenshots\",\n  \"value\": [\n    [\n      \"\\\\functional\\\\check_visibility.cy.js\\\\Verify the visibility of calculator elements on the screen -- Calculator component should be visible -- before each hook (failed).png\"\n    ]\n  ]\n}",
              "code": "cy.get(calculatorScreen.calculatorComponent.idLocator).should(\"be.visible\");",
              "err": {
                "message": "CypressError: `cy.visit()` failed trying to load:\n\nhttps://www.google.com/search?q=calculator/\n\nThe response we received from your web server was:\n\n  > 429: Too Many Requests\n\nThis was considered a failure because the status code was not `2xx`.\n\nThis http request was redirected '1' time to:\n\n  - 302: https://www.google.com/sorry/index?continue=https://www.google.com/search%3Fq%3Dcalculator/&q=EgQyQyhhGP2WnLIGIjADYP7PWrnHluhQv2cL_mP9FDhyzGzIdo030ylNgum3PayWVjcObhoAy3loCiROhCIyAXJaAUM\n\nIf you do not want status codes to cause failures pass the option: `failOnStatusCode: false`\n\nBecause this error occurred during a `before each` hook we are skipping the remaining tests in the current suite: `Verify the visibility of ca...`",
                "estack": "CypressError: `cy.visit()` failed trying to load:\n\nhttps://www.google.com/search?q=calculator/\n\nThe response we received from your web server was:\n\n  > 429: Too Many Requests\n\nThis was considered a failure because the status code was not `2xx`.\n\nThis http request was redirected '1' time to:\n\n  - 302: https://www.google.com/sorry/index?continue=https://www.google.com/search%3Fq%3Dcalculator/&q=EgQyQyhhGP2WnLIGIjADYP7PWrnHluhQv2cL_mP9FDhyzGzIdo030ylNgum3PayWVjcObhoAy3loCiROhCIyAXJaAUM\n\nIf you do not want status codes to cause failures pass the option: `failOnStatusCode: false`\n\nBecause this error occurred during a `before each` hook we are skipping the remaining tests in the current suite: `Verify the visibility of ca...`\n    at <unknown> (https://www.google.com/__cypress/runner/cypress_runner.js:131464:76)\n    at visitFailedByErr (https://www.google.com/__cypress/runner/cypress_runner.js:130878:12)\n    at <unknown> (https://www.google.com/__cypress/runner/cypress_runner.js:131447:13)\n    at tryCatcher (https://www.google.com/__cypress/runner/cypress_runner.js:1807:23)\n    at Promise._settlePromiseFromHandler (https://www.google.com/__cypress/runner/cypress_runner.js:1519:31)\n    at Promise._settlePromise (https://www.google.com/__cypress/runner/cypress_runner.js:1576:18)\n    at Promise._settlePromise0 (https://www.google.com/__cypress/runner/cypress_runner.js:1621:10)\n    at Promise._settlePromises (https://www.google.com/__cypress/runner/cypress_runner.js:1697:18)\n    at _drainQueueStep (https://www.google.com/__cypress/runner/cypress_runner.js:2407:12)\n    at _drainQueue (https://www.google.com/__cypress/runner/cypress_runner.js:2400:9)\n    at Async._drainQueues (https://www.google.com/__cypress/runner/cypress_runner.js:2416:5)\n    at Async.drainQueues (https://www.google.com/__cypress/runner/cypress_runner.js:2286:14)\nFrom Your Spec Code:\n    at Context.eval (webpack://initial-project/./cypress/e2e/functional/check_visibility.cy.js:9:7)",
                "diff": null
              },
              "uuid": "05b5706a-c66c-448d-b83a-a1b426303772",
              "parentUUID": "97cb55ea-542f-4f37-bdad-13790e47a1f2",
              "isHook": false,
              "skipped": false
            },
            {
              "title": "Input/Output",
              "fullTitle": "Verify the visibility of calculator elements on the screen Input/Output",
              "timedOut": null,
              "duration": 0,
              "state": "skipped",
              "speed": null,
              "pass": false,
              "fail": false,
              "pending": false,
              "context": null,
              "code": "cy.get(calculatorScreen.resultOutput.idLocator).should(\"be.visible\");",
              "err": {},
              "uuid": "dc448518-c605-4d67-a56e-1faa7038f621",
              "parentUUID": "97cb55ea-542f-4f37-bdad-13790e47a1f2",
              "isHook": false,
              "skipped": true
            },
            {
              "title": "Number 1 should be visible",
              "fullTitle": "Verify the visibility of calculator elements on the screen Number 1 should be visible",
              "timedOut": null,
              "duration": 0,
              "state": "skipped",
              "speed": null,
              "pass": false,
              "fail": false,
              "pending": false,
              "context": null,
              "code": "cy.get(numbers.one.idLocator).should(\"be.visible\");",
              "err": {},
              "uuid": "94662f5c-f62d-4397-abc8-0c6d5391f714",
              "parentUUID": "97cb55ea-542f-4f37-bdad-13790e47a1f2",
              "isHook": false,
              "skipped": true
            },
            {
              "title": "Number 2 should be visible",
              "fullTitle": "Verify the visibility of calculator elements on the screen Number 2 should be visible",
              "timedOut": null,
              "duration": 0,
              "state": "skipped",
              "speed": null,
              "pass": false,
              "fail": false,
              "pending": false,
              "context": null,
              "code": "cy.get(numbers.two.idLocator).should(\"be.visible\");",
              "err": {},
              "uuid": "156c52e5-4515-4ddc-b5cd-184b152e4764",
              "parentUUID": "97cb55ea-542f-4f37-bdad-13790e47a1f2",
              "isHook": false,
              "skipped": true
            },
            {
              "title": "Number 3 should be visible",
              "fullTitle": "Verify the visibility of calculator elements on the screen Number 3 should be visible",
              "timedOut": null,
              "duration": 0,
              "state": "skipped",
              "speed": null,
              "pass": false,
              "fail": false,
              "pending": false,
              "context": null,
              "code": "cy.get(numbers.three.idLocator).should(\"be.visible\");",
              "err": {},
              "uuid": "dd17918f-5e56-4fc4-b66d-13ff0be469de",
              "parentUUID": "97cb55ea-542f-4f37-bdad-13790e47a1f2",
              "isHook": false,
              "skipped": true
            },
            {
              "title": "Number 4 should be visible",
              "fullTitle": "Verify the visibility of calculator elements on the screen Number 4 should be visible",
              "timedOut": null,
              "duration": 0,
              "state": "skipped",
              "speed": null,
              "pass": false,
              "fail": false,
              "pending": false,
              "context": null,
              "code": "cy.get(numbers.four.idLocator).should(\"be.visible\");",
              "err": {},
              "uuid": "0b91e038-3040-4f0e-8886-1197b7563311",
              "parentUUID": "97cb55ea-542f-4f37-bdad-13790e47a1f2",
              "isHook": false,
              "skipped": true
            },
            {
              "title": "Number 5 should be visible",
              "fullTitle": "Verify the visibility of calculator elements on the screen Number 5 should be visible",
              "timedOut": null,
              "duration": 0,
              "state": "skipped",
              "speed": null,
              "pass": false,
              "fail": false,
              "pending": false,
              "context": null,
              "code": "cy.get(numbers.five.idLocator).should(\"be.visible\");",
              "err": {},
              "uuid": "c1e12d8c-17ae-4d1f-ac12-51200433c1ed",
              "parentUUID": "97cb55ea-542f-4f37-bdad-13790e47a1f2",
              "isHook": false,
              "skipped": true
            },
            {
              "title": "Number 6 should be visible",
              "fullTitle": "Verify the visibility of calculator elements on the screen Number 6 should be visible",
              "timedOut": null,
              "duration": 0,
              "state": "skipped",
              "speed": null,
              "pass": false,
              "fail": false,
              "pending": false,
              "context": null,
              "code": "cy.get(numbers.six.idLocator).should(\"be.visible\");",
              "err": {},
              "uuid": "79988ae4-540b-46b4-9a25-a7d72be23b64",
              "parentUUID": "97cb55ea-542f-4f37-bdad-13790e47a1f2",
              "isHook": false,
              "skipped": true
            },
            {
              "title": "Number 7 should be visible",
              "fullTitle": "Verify the visibility of calculator elements on the screen Number 7 should be visible",
              "timedOut": null,
              "duration": 0,
              "state": "skipped",
              "speed": null,
              "pass": false,
              "fail": false,
              "pending": false,
              "context": null,
              "code": "cy.get(numbers.seven.idLocator).should(\"be.visible\");",
              "err": {},
              "uuid": "971dc5c4-dbb5-4d79-9577-fed4fb4551dd",
              "parentUUID": "97cb55ea-542f-4f37-bdad-13790e47a1f2",
              "isHook": false,
              "skipped": true
            },
            {
              "title": "Number 8 should be visible",
              "fullTitle": "Verify the visibility of calculator elements on the screen Number 8 should be visible",
              "timedOut": null,
              "duration": 0,
              "state": "skipped",
              "speed": null,
              "pass": false,
              "fail": false,
              "pending": false,
              "context": null,
              "code": "cy.get(numbers.eight.idLocator).should(\"be.visible\");",
              "err": {},
              "uuid": "ee8ec3a1-a63f-46cd-8bde-237defd110f6",
              "parentUUID": "97cb55ea-542f-4f37-bdad-13790e47a1f2",
              "isHook": false,
              "skipped": true
            },
            {
              "title": "Number 9 should be visible",
              "fullTitle": "Verify the visibility of calculator elements on the screen Number 9 should be visible",
              "timedOut": null,
              "duration": 0,
              "state": "skipped",
              "speed": null,
              "pass": false,
              "fail": false,
              "pending": false,
              "context": null,
              "code": "cy.get(numbers.nine.idLocator).should(\"be.visible\");",
              "err": {},
              "uuid": "a9f19862-946b-4f55-ab43-5480fda0a032",
              "parentUUID": "97cb55ea-542f-4f37-bdad-13790e47a1f2",
              "isHook": false,
              "skipped": true
            },
            {
              "title": "Number 0 should be visible",
              "fullTitle": "Verify the visibility of calculator elements on the screen Number 0 should be visible",
              "timedOut": null,
              "duration": 0,
              "state": "skipped",
              "speed": null,
              "pass": false,
              "fail": false,
              "pending": false,
              "context": null,
              "code": "cy.get(numbers.zero.idLocator).should(\"be.visible\");",
              "err": {},
              "uuid": "8d655fdd-b7ed-44f6-8ec0-0d6765f64c3a",
              "parentUUID": "97cb55ea-542f-4f37-bdad-13790e47a1f2",
              "isHook": false,
              "skipped": true
            },
            {
              "title": "Delete (AC) button should be visible",
              "fullTitle": "Verify the visibility of calculator elements on the screen Delete (AC) button should be visible",
              "timedOut": null,
              "duration": 0,
              "state": "skipped",
              "speed": null,
              "pass": false,
              "fail": false,
              "pending": false,
              "context": null,
              "code": "cy.get(numbers.deleteAC.idLocator).should(\"be.visible\");",
              "err": {},
              "uuid": "36ed196d-dfc7-41d1-9715-db2b9e56cc71",
              "parentUUID": "97cb55ea-542f-4f37-bdad-13790e47a1f2",
              "isHook": false,
              "skipped": true
            },
            {
              "title": "Delete (CE) button should be visible",
              "fullTitle": "Verify the visibility of calculator elements on the screen Delete (CE) button should be visible",
              "timedOut": null,
              "duration": 0,
              "state": "skipped",
              "speed": null,
              "pass": false,
              "fail": false,
              "pending": false,
              "context": null,
              "code": "cy.get(numbers.four.idLocator).invoke(\"width\").should(\"be.gt\", 0);\ncy.get(numbers.four.idLocator).click();\ncy.get(numbers.deleteCE.idLocator).should(\"be.visible\");\ncy.get(numbers.deleteCE.idLocator).click();",
              "err": {},
              "uuid": "dbfff3c4-7c4b-45c6-88a1-62e4c500171d",
              "parentUUID": "97cb55ea-542f-4f37-bdad-13790e47a1f2",
              "isHook": false,
              "skipped": true
            },
            {
              "title": "Divide button should be visible",
              "fullTitle": "Verify the visibility of calculator elements on the screen Divide button should be visible",
              "timedOut": null,
              "duration": 0,
              "state": "skipped",
              "speed": null,
              "pass": false,
              "fail": false,
              "pending": false,
              "context": null,
              "code": "cy.get(numbers.divide.idLocator).should(\"be.visible\");",
              "err": {},
              "uuid": "07441f61-b7dc-4274-b3fd-93fa9162a429",
              "parentUUID": "97cb55ea-542f-4f37-bdad-13790e47a1f2",
              "isHook": false,
              "skipped": true
            },
            {
              "title": "Multiply button should be visible",
              "fullTitle": "Verify the visibility of calculator elements on the screen Multiply button should be visible",
              "timedOut": null,
              "duration": 0,
              "state": "skipped",
              "speed": null,
              "pass": false,
              "fail": false,
              "pending": false,
              "context": null,
              "code": "cy.get(numbers.multiply.idLocator).should(\"be.visible\");",
              "err": {},
              "uuid": "bc03dad1-48ef-4b4c-8f39-9993b03a25b4",
              "parentUUID": "97cb55ea-542f-4f37-bdad-13790e47a1f2",
              "isHook": false,
              "skipped": true
            },
            {
              "title": "Subtract button should be visible",
              "fullTitle": "Verify the visibility of calculator elements on the screen Subtract button should be visible",
              "timedOut": null,
              "duration": 0,
              "state": "skipped",
              "speed": null,
              "pass": false,
              "fail": false,
              "pending": false,
              "context": null,
              "code": "cy.get(numbers.subtract.idLocator).should(\"be.visible\");",
              "err": {},
              "uuid": "9427123f-0008-4481-9cac-93408e42e999",
              "parentUUID": "97cb55ea-542f-4f37-bdad-13790e47a1f2",
              "isHook": false,
              "skipped": true
            },
            {
              "title": "Add button should be visible",
              "fullTitle": "Verify the visibility of calculator elements on the screen Add button should be visible",
              "timedOut": null,
              "duration": 0,
              "state": "skipped",
              "speed": null,
              "pass": false,
              "fail": false,
              "pending": false,
              "context": null,
              "code": "cy.get(numbers.add.idLocator).should(\"be.visible\");",
              "err": {},
              "uuid": "67e48199-a89f-4608-b616-52edc7be61c5",
              "parentUUID": "97cb55ea-542f-4f37-bdad-13790e47a1f2",
              "isHook": false,
              "skipped": true
            },
            {
              "title": "Result button should be visible",
              "fullTitle": "Verify the visibility of calculator elements on the screen Result button should be visible",
              "timedOut": null,
              "duration": 0,
              "state": "skipped",
              "speed": null,
              "pass": false,
              "fail": false,
              "pending": false,
              "context": null,
              "code": "cy.get(numbers.result.idLocator).should(\"be.visible\");",
              "err": {},
              "uuid": "078a7067-347a-4b39-b8ec-62b1507b3bdd",
              "parentUUID": "97cb55ea-542f-4f37-bdad-13790e47a1f2",
              "isHook": false,
              "skipped": true
            },
            {
              "title": "Point button should be visible",
              "fullTitle": "Verify the visibility of calculator elements on the screen Point button should be visible",
              "timedOut": null,
              "duration": 0,
              "state": "skipped",
              "speed": null,
              "pass": false,
              "fail": false,
              "pending": false,
              "context": null,
              "code": "cy.get(numbers.point.idLocator).should(\"be.visible\");",
              "err": {},
              "uuid": "d8e2ed9c-3464-47c5-9411-be72dade0b1c",
              "parentUUID": "97cb55ea-542f-4f37-bdad-13790e47a1f2",
              "isHook": false,
              "skipped": true
            }
          ],
          "suites": [],
          "passes": [],
          "failures": [
            "05b5706a-c66c-448d-b83a-a1b426303772"
          ],
          "pending": [],
          "skipped": [
            "dc448518-c605-4d67-a56e-1faa7038f621",
            "94662f5c-f62d-4397-abc8-0c6d5391f714",
            "156c52e5-4515-4ddc-b5cd-184b152e4764",
            "dd17918f-5e56-4fc4-b66d-13ff0be469de",
            "0b91e038-3040-4f0e-8886-1197b7563311",
            "c1e12d8c-17ae-4d1f-ac12-51200433c1ed",
            "79988ae4-540b-46b4-9a25-a7d72be23b64",
            "971dc5c4-dbb5-4d79-9577-fed4fb4551dd",
            "ee8ec3a1-a63f-46cd-8bde-237defd110f6",
            "a9f19862-946b-4f55-ab43-5480fda0a032",
            "8d655fdd-b7ed-44f6-8ec0-0d6765f64c3a",
            "36ed196d-dfc7-41d1-9715-db2b9e56cc71",
            "dbfff3c4-7c4b-45c6-88a1-62e4c500171d",
            "07441f61-b7dc-4274-b3fd-93fa9162a429",
            "bc03dad1-48ef-4b4c-8f39-9993b03a25b4",
            "9427123f-0008-4481-9cac-93408e42e999",
            "67e48199-a89f-4608-b616-52edc7be61c5",
            "078a7067-347a-4b39-b8ec-62b1507b3bdd",
            "d8e2ed9c-3464-47c5-9411-be72dade0b1c"
          ],
          "duration": 569,
          "root": false,
          "rootEmpty": false,
          "_timeout": 2000
        }
      ],
      "passes": [],
      "failures": [],
      "pending": [],
      "skipped": [],
      "duration": 0,
      "root": true,
      "rootEmpty": true,
      "_timeout": 2000
    }
  ],
  "meta": {
    "mocha": {
      "version": "7.0.1"
    },
    "mochawesome": {
      "options": {
        "quiet": false,
        "reportFilename": "mochawesome",
        "saveHtml": false,
        "saveJson": true,
        "consoleReporter": "spec",
        "useInlineDiffs": false,
        "code": true
      },
      "version": "7.1.3"
    },
    "marge": {
      "options": {
        "overwrite": false,
        "html": false,
        "json": true,
        "reportDir": "cypress\\reports\\html\\.jsons"
      },
      "version": "6.2.0"
    }
  }
}