{
  "stats": {
    "suites": 1,
    "tests": 1,
    "passes": 0,
    "pending": 0,
    "failures": 1,
    "start": "2024-05-17T07:47:04.957Z",
    "end": "2024-05-17T07:47:05.903Z",
    "duration": 946,
    "testsRegistered": 5,
    "passPercent": 0,
    "pendingPercent": 0,
    "other": 0,
    "hasOther": false,
    "skipped": 4,
    "hasSkipped": true
  },
  "results": [
    {
      "uuid": "6664facd-66e1-408b-8728-669310429eb7",
      "title": "",
      "fullFile": "cypress\\e2e\\smoke\\smoke.cy.js",
      "file": "cypress\\e2e\\smoke\\smoke.cy.js",
      "beforeHooks": [],
      "afterHooks": [],
      "tests": [],
      "suites": [
        {
          "uuid": "888f0aa2-0265-44ba-b6db-cd86a3ea8cbe",
          "title": "Verify the visibility of calculator elements and perform math operations",
          "fullFile": "",
          "file": "",
          "beforeHooks": [],
          "afterHooks": [],
          "tests": [
            {
              "title": "Performs subtraction operation: 8 - 3",
              "fullTitle": "Verify the visibility of calculator elements and perform math operations Performs subtraction operation: 8 - 3",
              "timedOut": null,
              "duration": 861,
              "state": "failed",
              "speed": null,
              "pass": false,
              "fail": true,
              "pending": false,
              "context": "{\n  \"title\": \"cypress-mochawesome-reporter-screenshots\",\n  \"value\": [\n    [\n      \"\\\\smoke\\\\smoke.cy.js\\\\Verify the visibility of calculator elements and perform math operations -- Performs subtraction operation 8 - 3 -- before each hook (failed).png\"\n    ]\n  ]\n}",
              "code": "cy.mathOperations(numbers.eight, numbers.subtract, numbers.three);",
              "err": {
                "message": "CypressError: `cy.visit()` failed trying to load:\n\nhttps://www.google.com/search?q=calculator/\n\nThe response we received from your web server was:\n\n  > 429: Too Many Requests\n\nThis was considered a failure because the status code was not `2xx`.\n\nThis http request was redirected '1' time to:\n\n  - 302: https://www.google.com/sorry/index?continue=https://www.google.com/search%3Fq%3Dcalculator/&q=EgQyQyhhGPiWnLIGIjCt5LpPIOvUxqR36EJXAXJ8Vo1xTJ89X3SCIPdwlhmsNNLCleOYHqtXam-C6-vyfFgyAXJaAUM\n\nIf you do not want status codes to cause failures pass the option: `failOnStatusCode: false`\n\nBecause this error occurred during a `before each` hook we are skipping the remaining tests in the current suite: `Verify the visibility of ca...`",
                "estack": "CypressError: `cy.visit()` failed trying to load:\n\nhttps://www.google.com/search?q=calculator/\n\nThe response we received from your web server was:\n\n  > 429: Too Many Requests\n\nThis was considered a failure because the status code was not `2xx`.\n\nThis http request was redirected '1' time to:\n\n  - 302: https://www.google.com/sorry/index?continue=https://www.google.com/search%3Fq%3Dcalculator/&q=EgQyQyhhGPiWnLIGIjCt5LpPIOvUxqR36EJXAXJ8Vo1xTJ89X3SCIPdwlhmsNNLCleOYHqtXam-C6-vyfFgyAXJaAUM\n\nIf you do not want status codes to cause failures pass the option: `failOnStatusCode: false`\n\nBecause this error occurred during a `before each` hook we are skipping the remaining tests in the current suite: `Verify the visibility of ca...`\n    at <unknown> (https://www.google.com/__cypress/runner/cypress_runner.js:131464:76)\n    at visitFailedByErr (https://www.google.com/__cypress/runner/cypress_runner.js:130878:12)\n    at <unknown> (https://www.google.com/__cypress/runner/cypress_runner.js:131447:13)\n    at tryCatcher (https://www.google.com/__cypress/runner/cypress_runner.js:1807:23)\n    at Promise._settlePromiseFromHandler (https://www.google.com/__cypress/runner/cypress_runner.js:1519:31)\n    at Promise._settlePromise (https://www.google.com/__cypress/runner/cypress_runner.js:1576:18)\n    at Promise._settlePromise0 (https://www.google.com/__cypress/runner/cypress_runner.js:1621:10)\n    at Promise._settlePromises (https://www.google.com/__cypress/runner/cypress_runner.js:1697:18)\n    at _drainQueueStep (https://www.google.com/__cypress/runner/cypress_runner.js:2407:12)\n    at _drainQueue (https://www.google.com/__cypress/runner/cypress_runner.js:2400:9)\n    at Async._drainQueues (https://www.google.com/__cypress/runner/cypress_runner.js:2416:5)\n    at Async.drainQueues (https://www.google.com/__cypress/runner/cypress_runner.js:2286:14)\nFrom Your Spec Code:\n    at Context.eval (webpack://initial-project/./cypress/e2e/smoke/smoke.cy.js:5:7)",
                "diff": null
              },
              "uuid": "270d82ff-9838-40c1-8eaf-d4892544cfbe",
              "parentUUID": "888f0aa2-0265-44ba-b6db-cd86a3ea8cbe",
              "isHook": false,
              "skipped": false
            },
            {
              "title": "Performs multiplication operation: 9 * 9",
              "fullTitle": "Verify the visibility of calculator elements and perform math operations Performs multiplication operation: 9 * 9",
              "timedOut": null,
              "duration": 0,
              "state": "skipped",
              "speed": null,
              "pass": false,
              "fail": false,
              "pending": false,
              "context": null,
              "code": "cy.mathOperations(numbers.nine, numbers.multiply, numbers.nine);",
              "err": {},
              "uuid": "c7077cbc-e67f-46b3-8cf8-f137053d4099",
              "parentUUID": "888f0aa2-0265-44ba-b6db-cd86a3ea8cbe",
              "isHook": false,
              "skipped": true
            },
            {
              "title": "Performs division operation: 8 / 2",
              "fullTitle": "Verify the visibility of calculator elements and perform math operations Performs division operation: 8 / 2",
              "timedOut": null,
              "duration": 0,
              "state": "skipped",
              "speed": null,
              "pass": false,
              "fail": false,
              "pending": false,
              "context": null,
              "code": "cy.mathOperations(numbers.eight, numbers.divide, numbers.two);",
              "err": {},
              "uuid": "73ba0378-4f80-428d-92e1-3aae06788087",
              "parentUUID": "888f0aa2-0265-44ba-b6db-cd86a3ea8cbe",
              "isHook": false,
              "skipped": true
            },
            {
              "title": "Performs addition operation: 2 + 3",
              "fullTitle": "Verify the visibility of calculator elements and perform math operations Performs addition operation: 2 + 3",
              "timedOut": null,
              "duration": 0,
              "state": "skipped",
              "speed": null,
              "pass": false,
              "fail": false,
              "pending": false,
              "context": null,
              "code": "cy.mathOperations(numbers.two, numbers.add, numbers.three);",
              "err": {},
              "uuid": "62338b16-8a58-4734-a893-44757a7d1b69",
              "parentUUID": "888f0aa2-0265-44ba-b6db-cd86a3ea8cbe",
              "isHook": false,
              "skipped": true
            },
            {
              "title": "Verifies the visibility and input of numbers",
              "fullTitle": "Verify the visibility of calculator elements and perform math operations Verifies the visibility and input of numbers",
              "timedOut": null,
              "duration": 0,
              "state": "skipped",
              "speed": null,
              "pass": false,
              "fail": false,
              "pending": false,
              "context": null,
              "code": "cy.verifyNumberButtonInput(numbers.one.idLocator, numbers.one.value);\ncy.verifyNumberButtonInput(numbers.two.idLocator, numbers.two.value);\ncy.verifyNumberButtonInput(numbers.three.idLocator, numbers.three.value);\ncy.verifyNumberButtonInput(numbers.four.idLocator, numbers.four.value);\ncy.verifyNumberButtonInput(numbers.five.idLocator, numbers.five.value);\ncy.verifyNumberButtonInput(numbers.six.idLocator, numbers.six.value);\ncy.verifyNumberButtonInput(numbers.seven.idLocator, numbers.seven.value);\ncy.verifyNumberButtonInput(numbers.eight.idLocator, numbers.eight.value);\ncy.verifyNumberButtonInput(numbers.nine.idLocator, numbers.nine.value);\ncy.verifyNumberButtonInput(numbers.zero.idLocator, numbers.zero.value);",
              "err": {},
              "uuid": "71e23846-c5b1-453f-aea9-60d63b9f1356",
              "parentUUID": "888f0aa2-0265-44ba-b6db-cd86a3ea8cbe",
              "isHook": false,
              "skipped": true
            }
          ],
          "suites": [],
          "passes": [],
          "failures": [
            "270d82ff-9838-40c1-8eaf-d4892544cfbe"
          ],
          "pending": [],
          "skipped": [
            "c7077cbc-e67f-46b3-8cf8-f137053d4099",
            "73ba0378-4f80-428d-92e1-3aae06788087",
            "62338b16-8a58-4734-a893-44757a7d1b69",
            "71e23846-c5b1-453f-aea9-60d63b9f1356"
          ],
          "duration": 861,
          "root": false,
          "rootEmpty": false,
          "_timeout": 2000
        }
      ],
      "passes": [],
      "failures": [],
      "pending": [],
      "skipped": [],
      "duration": 0,
      "root": true,
      "rootEmpty": true,
      "_timeout": 2000
    }
  ],
  "meta": {
    "mocha": {
      "version": "7.0.1"
    },
    "mochawesome": {
      "options": {
        "quiet": false,
        "reportFilename": "mochawesome",
        "saveHtml": false,
        "saveJson": true,
        "consoleReporter": "spec",
        "useInlineDiffs": false,
        "code": true
      },
      "version": "7.1.3"
    },
    "marge": {
      "options": {
        "overwrite": false,
        "html": false,
        "json": true,
        "reportDir": "cypress\\reports\\html\\.jsons"
      },
      "version": "6.2.0"
    }
  }
}