{
  "stats": {
    "suites": 1,
    "tests": 1,
    "passes": 0,
    "pending": 0,
    "failures": 1,
    "start": "2024-05-17T07:47:07.544Z",
    "end": "2024-05-17T07:47:08.371Z",
    "duration": 827,
    "testsRegistered": 2,
    "passPercent": 0,
    "pendingPercent": 0,
    "other": 0,
    "hasOther": false,
    "skipped": 1,
    "hasSkipped": true
  },
  "results": [
    {
      "uuid": "8a8677cc-3ef0-418b-b67a-9b93f3b78a7e",
      "title": "",
      "fullFile": "cypress\\e2e\\functional\\add_operations.cy.js",
      "file": "cypress\\e2e\\functional\\add_operations.cy.js",
      "beforeHooks": [],
      "afterHooks": [],
      "tests": [],
      "suites": [
        {
          "uuid": "7c354f70-643d-40f4-8047-4c29461ff068",
          "title": "Verify that the user is able to add",
          "fullFile": "",
          "file": "",
          "beforeHooks": [],
          "afterHooks": [],
          "tests": [
            {
              "title": "Should add 2 + 3",
              "fullTitle": "Verify that the user is able to add Should add 2 + 3",
              "timedOut": null,
              "duration": 760,
              "state": "failed",
              "speed": null,
              "pass": false,
              "fail": true,
              "pending": false,
              "context": "{\n  \"title\": \"cypress-mochawesome-reporter-screenshots\",\n  \"value\": [\n    [\n      \"\\\\functional\\\\add_operations.cy.js\\\\Verify that the user is able to add -- Should add 2 + 3 -- before each hook (failed).png\"\n    ]\n  ]\n}",
              "code": "cy.mathOperations(numbers.two, numbers.add, numbers.three);",
              "err": {
                "message": "CypressError: `cy.visit()` failed trying to load:\n\nhttps://www.google.com/search?q=calculator/\n\nThe response we received from your web server was:\n\n  > 429: Too Many Requests\n\nThis was considered a failure because the status code was not `2xx`.\n\nThis http request was redirected '1' time to:\n\n  - 302: https://www.google.com/sorry/index?continue=https://www.google.com/search%3Fq%3Dcalculator/&q=EgQyQyhhGPuWnLIGIjBP4-lGVtVEyDq-8eXarRxvvD1ZTVZeKHEF6vAzNCI5KWyqc2Vicbzr-B-Nug4F2ZYyAXJaAUM\n\nIf you do not want status codes to cause failures pass the option: `failOnStatusCode: false`\n\nBecause this error occurred during a `before each` hook we are skipping the remaining tests in the current suite: `Verify that the user is abl...`",
                "estack": "CypressError: `cy.visit()` failed trying to load:\n\nhttps://www.google.com/search?q=calculator/\n\nThe response we received from your web server was:\n\n  > 429: Too Many Requests\n\nThis was considered a failure because the status code was not `2xx`.\n\nThis http request was redirected '1' time to:\n\n  - 302: https://www.google.com/sorry/index?continue=https://www.google.com/search%3Fq%3Dcalculator/&q=EgQyQyhhGPuWnLIGIjBP4-lGVtVEyDq-8eXarRxvvD1ZTVZeKHEF6vAzNCI5KWyqc2Vicbzr-B-Nug4F2ZYyAXJaAUM\n\nIf you do not want status codes to cause failures pass the option: `failOnStatusCode: false`\n\nBecause this error occurred during a `before each` hook we are skipping the remaining tests in the current suite: `Verify that the user is abl...`\n    at <unknown> (https://www.google.com/__cypress/runner/cypress_runner.js:131464:76)\n    at visitFailedByErr (https://www.google.com/__cypress/runner/cypress_runner.js:130878:12)\n    at <unknown> (https://www.google.com/__cypress/runner/cypress_runner.js:131447:13)\n    at tryCatcher (https://www.google.com/__cypress/runner/cypress_runner.js:1807:23)\n    at Promise._settlePromiseFromHandler (https://www.google.com/__cypress/runner/cypress_runner.js:1519:31)\n    at Promise._settlePromise (https://www.google.com/__cypress/runner/cypress_runner.js:1576:18)\n    at Promise._settlePromise0 (https://www.google.com/__cypress/runner/cypress_runner.js:1621:10)\n    at Promise._settlePromises (https://www.google.com/__cypress/runner/cypress_runner.js:1697:18)\n    at _drainQueueStep (https://www.google.com/__cypress/runner/cypress_runner.js:2407:12)\n    at _drainQueue (https://www.google.com/__cypress/runner/cypress_runner.js:2400:9)\n    at Async._drainQueues (https://www.google.com/__cypress/runner/cypress_runner.js:2416:5)\n    at Async.drainQueues (https://www.google.com/__cypress/runner/cypress_runner.js:2286:14)\nFrom Your Spec Code:\n    at Context.eval (webpack://initial-project/./cypress/e2e/functional/add_operations.cy.js:5:7)",
                "diff": null
              },
              "uuid": "40d04f08-223c-48d0-b4dc-c17664cb5331",
              "parentUUID": "7c354f70-643d-40f4-8047-4c29461ff068",
              "isHook": false,
              "skipped": false
            },
            {
              "title": "Should add 9 + 5",
              "fullTitle": "Verify that the user is able to add Should add 9 + 5",
              "timedOut": null,
              "duration": 0,
              "state": "skipped",
              "speed": null,
              "pass": false,
              "fail": false,
              "pending": false,
              "context": null,
              "code": "cy.mathOperations(numbers.nine, numbers.add, numbers.five);",
              "err": {},
              "uuid": "122081bc-15e3-4008-b2ba-c566b5fee077",
              "parentUUID": "7c354f70-643d-40f4-8047-4c29461ff068",
              "isHook": false,
              "skipped": true
            }
          ],
          "suites": [],
          "passes": [],
          "failures": [
            "40d04f08-223c-48d0-b4dc-c17664cb5331"
          ],
          "pending": [],
          "skipped": [
            "122081bc-15e3-4008-b2ba-c566b5fee077"
          ],
          "duration": 760,
          "root": false,
          "rootEmpty": false,
          "_timeout": 2000
        }
      ],
      "passes": [],
      "failures": [],
      "pending": [],
      "skipped": [],
      "duration": 0,
      "root": true,
      "rootEmpty": true,
      "_timeout": 2000
    }
  ],
  "meta": {
    "mocha": {
      "version": "7.0.1"
    },
    "mochawesome": {
      "options": {
        "quiet": false,
        "reportFilename": "mochawesome",
        "saveHtml": false,
        "saveJson": true,
        "consoleReporter": "spec",
        "useInlineDiffs": false,
        "code": true
      },
      "version": "7.1.3"
    },
    "marge": {
      "options": {
        "overwrite": false,
        "html": false,
        "json": true,
        "reportDir": "cypress\\reports\\html\\.jsons"
      },
      "version": "6.2.0"
    }
  }
}