{
  "stats": {
    "suites": 1,
    "tests": 11,
    "passes": 0,
    "pending": 0,
    "failures": 11,
    "start": "2024-05-17T07:47:26.738Z",
    "end": "2024-05-17T07:48:10.472Z",
    "duration": 43734,
    "testsRegistered": 11,
    "passPercent": 0,
    "pendingPercent": 0,
    "other": 0,
    "hasOther": false,
    "skipped": 0,
    "hasSkipped": false
  },
  "results": [
    {
      "uuid": "4e579955-5c54-4fb7-aefa-cc12da51d73c",
      "title": "",
      "fullFile": "cypress\\e2e\\functional\\number_input_test.cy.js",
      "file": "cypress\\e2e\\functional\\number_input_test.cy.js",
      "beforeHooks": [],
      "afterHooks": [],
      "tests": [],
      "suites": [
        {
          "uuid": "e6026e54-2a8e-489e-99f7-cc90e228bb3c",
          "title": "Verify that the user is able to input numbers",
          "fullFile": "",
          "file": "",
          "beforeHooks": [],
          "afterHooks": [],
          "tests": [
            {
              "title": "Visit Home",
              "fullTitle": "Verify that the user is able to input numbers Visit Home",
              "timedOut": null,
              "duration": 694,
              "state": "failed",
              "speed": null,
              "pass": false,
              "fail": true,
              "pending": false,
              "context": "{\n  \"title\": \"cypress-mochawesome-reporter-screenshots\",\n  \"value\": [\n    [\n      \"\\\\functional\\\\number_input_test.cy.js\\\\Verify that the user is able to input numbers -- Visit Home (failed).png\"\n    ]\n  ]\n}",
              "code": "cy.visit(\"/\");\ncy.wait(150);",
              "err": {
                "message": "CypressError: `cy.visit()` failed trying to load:\n\nhttps://www.google.com/search?q=calculator/\n\nThe response we received from your web server was:\n\n  > 429: Too Many Requests\n\nThis was considered a failure because the status code was not `2xx`.\n\nThis http request was redirected '1' time to:\n\n  - 302: https://www.google.com/sorry/index?continue=https://www.google.com/search%3Fq%3Dcalculator/&q=EgQyQyhhGI6XnLIGIjD2vfFrNANElEQaUzQl3e_sixoLxoyP4kEY_s3uEGXLXsfjqq7nch03ds2nCG7PNWUyAXJaAUM\n\nIf you do not want status codes to cause failures pass the option: `failOnStatusCode: false`",
                "estack": "CypressError: `cy.visit()` failed trying to load:\n\nhttps://www.google.com/search?q=calculator/\n\nThe response we received from your web server was:\n\n  > 429: Too Many Requests\n\nThis was considered a failure because the status code was not `2xx`.\n\nThis http request was redirected '1' time to:\n\n  - 302: https://www.google.com/sorry/index?continue=https://www.google.com/search%3Fq%3Dcalculator/&q=EgQyQyhhGI6XnLIGIjD2vfFrNANElEQaUzQl3e_sixoLxoyP4kEY_s3uEGXLXsfjqq7nch03ds2nCG7PNWUyAXJaAUM\n\nIf you do not want status codes to cause failures pass the option: `failOnStatusCode: false`\n    at <unknown> (https://www.google.com/__cypress/runner/cypress_runner.js:131464:76)\n    at visitFailedByErr (https://www.google.com/__cypress/runner/cypress_runner.js:130878:12)\n    at <unknown> (https://www.google.com/__cypress/runner/cypress_runner.js:131447:13)\n    at tryCatcher (https://www.google.com/__cypress/runner/cypress_runner.js:1807:23)\n    at Promise._settlePromiseFromHandler (https://www.google.com/__cypress/runner/cypress_runner.js:1519:31)\n    at Promise._settlePromise (https://www.google.com/__cypress/runner/cypress_runner.js:1576:18)\n    at Promise._settlePromise0 (https://www.google.com/__cypress/runner/cypress_runner.js:1621:10)\n    at Promise._settlePromises (https://www.google.com/__cypress/runner/cypress_runner.js:1697:18)\n    at _drainQueueStep (https://www.google.com/__cypress/runner/cypress_runner.js:2407:12)\n    at _drainQueue (https://www.google.com/__cypress/runner/cypress_runner.js:2400:9)\n    at Async._drainQueues (https://www.google.com/__cypress/runner/cypress_runner.js:2416:5)\n    at Async.drainQueues (https://www.google.com/__cypress/runner/cypress_runner.js:2286:14)\nFrom Your Spec Code:\n    at Context.eval (webpack://initial-project/./cypress/e2e/functional/number_input_test.cy.js:5:7)",
                "diff": null
              },
              "uuid": "df7f451b-f5ce-4096-8e90-ac5bc0336d20",
              "parentUUID": "e6026e54-2a8e-489e-99f7-cc90e228bb3c",
              "isHook": false,
              "skipped": false
            },
            {
              "title": "Should Click button 1",
              "fullTitle": "Verify that the user is able to input numbers Should Click button 1",
              "timedOut": null,
              "duration": 4326,
              "state": "failed",
              "speed": null,
              "pass": false,
              "fail": true,
              "pending": false,
              "context": "{\n  \"title\": \"cypress-mochawesome-reporter-screenshots\",\n  \"value\": [\n    [\n      \"\\\\functional\\\\number_input_test.cy.js\\\\Verify that the user is able to input numbers -- Should Click button 1 (failed).png\"\n    ]\n  ]\n}",
              "code": "cy.verifyNumberButtonInput(numbers.one.idLocator, numbers.one.value);",
              "err": {
                "message": "AssertionError: Timed out retrying after 4000ms: Expected to find element: `[jsname='N10B9']`, but never found it.",
                "estack": "AssertionError: Timed out retrying after 4000ms: Expected to find element: `[jsname='N10B9']`, but never found it.\n    at Context.eval (webpack://initial-project/./cypress/support/commands.js:30:5)",
                "diff": null
              },
              "uuid": "9ee9631a-c5b1-48c0-8288-3280441920b8",
              "parentUUID": "e6026e54-2a8e-489e-99f7-cc90e228bb3c",
              "isHook": false,
              "skipped": false
            },
            {
              "title": "Should Click button 2",
              "fullTitle": "Verify that the user is able to input numbers Should Click button 2",
              "timedOut": null,
              "duration": 4219,
              "state": "failed",
              "speed": null,
              "pass": false,
              "fail": true,
              "pending": false,
              "context": "{\n  \"title\": \"cypress-mochawesome-reporter-screenshots\",\n  \"value\": [\n    [\n      \"\\\\functional\\\\number_input_test.cy.js\\\\Verify that the user is able to input numbers -- Should Click button 2 (failed).png\"\n    ]\n  ]\n}",
              "code": "cy.verifyNumberButtonInput(numbers.two.idLocator, numbers.two.value);",
              "err": {
                "message": "AssertionError: Timed out retrying after 4000ms: Expected to find element: `[jsname='lVjWed']`, but never found it.",
                "estack": "AssertionError: Timed out retrying after 4000ms: Expected to find element: `[jsname='lVjWed']`, but never found it.\n    at Context.eval (webpack://initial-project/./cypress/support/commands.js:30:5)",
                "diff": null
              },
              "uuid": "ac2b8cd7-ad35-4cb8-995d-49e4a9bfc930",
              "parentUUID": "e6026e54-2a8e-489e-99f7-cc90e228bb3c",
              "isHook": false,
              "skipped": false
            },
            {
              "title": "Should Click button 3",
              "fullTitle": "Verify that the user is able to input numbers Should Click button 3",
              "timedOut": null,
              "duration": 4224,
              "state": "failed",
              "speed": null,
              "pass": false,
              "fail": true,
              "pending": false,
              "context": "{\n  \"title\": \"cypress-mochawesome-reporter-screenshots\",\n  \"value\": [\n    [\n      \"\\\\functional\\\\number_input_test.cy.js\\\\Verify that the user is able to input numbers -- Should Click button 3 (failed).png\"\n    ]\n  ]\n}",
              "code": "cy.verifyNumberButtonInput(numbers.three.idLocator, numbers.three.value);",
              "err": {
                "message": "AssertionError: Timed out retrying after 4000ms: Expected to find element: `[jsname='KN1kY']`, but never found it.",
                "estack": "AssertionError: Timed out retrying after 4000ms: Expected to find element: `[jsname='KN1kY']`, but never found it.\n    at Context.eval (webpack://initial-project/./cypress/support/commands.js:30:5)",
                "diff": null
              },
              "uuid": "adab745b-fd01-473a-8983-a3a4895a4319",
              "parentUUID": "e6026e54-2a8e-489e-99f7-cc90e228bb3c",
              "isHook": false,
              "skipped": false
            },
            {
              "title": "Should Click button 4",
              "fullTitle": "Verify that the user is able to input numbers Should Click button 4",
              "timedOut": null,
              "duration": 4220,
              "state": "failed",
              "speed": null,
              "pass": false,
              "fail": true,
              "pending": false,
              "context": "{\n  \"title\": \"cypress-mochawesome-reporter-screenshots\",\n  \"value\": [\n    [\n      \"\\\\functional\\\\number_input_test.cy.js\\\\Verify that the user is able to input numbers -- Should Click button 4 (failed).png\"\n    ]\n  ]\n}",
              "code": "cy.verifyNumberButtonInput(numbers.four.idLocator, numbers.four.value);",
              "err": {
                "message": "AssertionError: Timed out retrying after 4000ms: Expected to find element: `[jsname='xAP7E']`, but never found it.",
                "estack": "AssertionError: Timed out retrying after 4000ms: Expected to find element: `[jsname='xAP7E']`, but never found it.\n    at Context.eval (webpack://initial-project/./cypress/support/commands.js:30:5)",
                "diff": null
              },
              "uuid": "7d5df936-e0bd-40b6-9898-1d8136006e9f",
              "parentUUID": "e6026e54-2a8e-489e-99f7-cc90e228bb3c",
              "isHook": false,
              "skipped": false
            },
            {
              "title": "Should Click button 5",
              "fullTitle": "Verify that the user is able to input numbers Should Click button 5",
              "timedOut": null,
              "duration": 4282,
              "state": "failed",
              "speed": null,
              "pass": false,
              "fail": true,
              "pending": false,
              "context": "{\n  \"title\": \"cypress-mochawesome-reporter-screenshots\",\n  \"value\": [\n    [\n      \"\\\\functional\\\\number_input_test.cy.js\\\\Verify that the user is able to input numbers -- Should Click button 5 (failed).png\"\n    ]\n  ]\n}",
              "code": "cy.verifyNumberButtonInput(numbers.five.idLocator, numbers.five.value);",
              "err": {
                "message": "AssertionError: Timed out retrying after 4000ms: Expected to find element: `[jsname='Ax5wH']`, but never found it.",
                "estack": "AssertionError: Timed out retrying after 4000ms: Expected to find element: `[jsname='Ax5wH']`, but never found it.\n    at Context.eval (webpack://initial-project/./cypress/support/commands.js:30:5)",
                "diff": null
              },
              "uuid": "5653e047-4c33-401d-b5bb-cb4cdedfefc2",
              "parentUUID": "e6026e54-2a8e-489e-99f7-cc90e228bb3c",
              "isHook": false,
              "skipped": false
            },
            {
              "title": "Should Click button 6",
              "fullTitle": "Verify that the user is able to input numbers Should Click button 6",
              "timedOut": null,
              "duration": 4268,
              "state": "failed",
              "speed": null,
              "pass": false,
              "fail": true,
              "pending": false,
              "context": "{\n  \"title\": \"cypress-mochawesome-reporter-screenshots\",\n  \"value\": [\n    [\n      \"\\\\functional\\\\number_input_test.cy.js\\\\Verify that the user is able to input numbers -- Should Click button 6 (failed).png\"\n    ]\n  ]\n}",
              "code": "cy.verifyNumberButtonInput(numbers.six.idLocator, numbers.six.value);",
              "err": {
                "message": "AssertionError: Timed out retrying after 4000ms: Expected to find element: `[jsname='abcgof']`, but never found it.",
                "estack": "AssertionError: Timed out retrying after 4000ms: Expected to find element: `[jsname='abcgof']`, but never found it.\n    at Context.eval (webpack://initial-project/./cypress/support/commands.js:30:5)",
                "diff": null
              },
              "uuid": "164faf78-a19a-4593-b5db-ab6bd4f045e8",
              "parentUUID": "e6026e54-2a8e-489e-99f7-cc90e228bb3c",
              "isHook": false,
              "skipped": false
            },
            {
              "title": "Should Click button 7",
              "fullTitle": "Verify that the user is able to input numbers Should Click button 7",
              "timedOut": null,
              "duration": 4289,
              "state": "failed",
              "speed": null,
              "pass": false,
              "fail": true,
              "pending": false,
              "context": "{\n  \"title\": \"cypress-mochawesome-reporter-screenshots\",\n  \"value\": [\n    [\n      \"\\\\functional\\\\number_input_test.cy.js\\\\Verify that the user is able to input numbers -- Should Click button 7 (failed).png\"\n    ]\n  ]\n}",
              "code": "cy.verifyNumberButtonInput(numbers.seven.idLocator, numbers.seven.value);",
              "err": {
                "message": "AssertionError: Timed out retrying after 4000ms: Expected to find element: `[jsname='rk7bOd']`, but never found it.",
                "estack": "AssertionError: Timed out retrying after 4000ms: Expected to find element: `[jsname='rk7bOd']`, but never found it.\n    at Context.eval (webpack://initial-project/./cypress/support/commands.js:30:5)",
                "diff": null
              },
              "uuid": "bdbe17d6-89c7-481e-90f9-488c06fcbf04",
              "parentUUID": "e6026e54-2a8e-489e-99f7-cc90e228bb3c",
              "isHook": false,
              "skipped": false
            },
            {
              "title": "Should Click button 8",
              "fullTitle": "Verify that the user is able to input numbers Should Click button 8",
              "timedOut": null,
              "duration": 4262,
              "state": "failed",
              "speed": null,
              "pass": false,
              "fail": true,
              "pending": false,
              "context": "{\n  \"title\": \"cypress-mochawesome-reporter-screenshots\",\n  \"value\": [\n    [\n      \"\\\\functional\\\\number_input_test.cy.js\\\\Verify that the user is able to input numbers -- Should Click button 8 (failed).png\"\n    ]\n  ]\n}",
              "code": "cy.verifyNumberButtonInput(numbers.eight.idLocator, numbers.eight.value);",
              "err": {
                "message": "AssertionError: Timed out retrying after 4000ms: Expected to find element: `[jsname='T7PMFe']`, but never found it.",
                "estack": "AssertionError: Timed out retrying after 4000ms: Expected to find element: `[jsname='T7PMFe']`, but never found it.\n    at Context.eval (webpack://initial-project/./cypress/support/commands.js:30:5)",
                "diff": null
              },
              "uuid": "8c7899ac-3e94-4b25-89e1-eb1cb54a5a05",
              "parentUUID": "e6026e54-2a8e-489e-99f7-cc90e228bb3c",
              "isHook": false,
              "skipped": false
            },
            {
              "title": "Should Click button 9",
              "fullTitle": "Verify that the user is able to input numbers Should Click button 9",
              "timedOut": null,
              "duration": 4282,
              "state": "failed",
              "speed": null,
              "pass": false,
              "fail": true,
              "pending": false,
              "context": "{\n  \"title\": \"cypress-mochawesome-reporter-screenshots\",\n  \"value\": [\n    [\n      \"\\\\functional\\\\number_input_test.cy.js\\\\Verify that the user is able to input numbers -- Should Click button 9 (failed).png\"\n    ]\n  ]\n}",
              "code": "cy.verifyNumberButtonInput(numbers.nine.idLocator, numbers.nine.value);",
              "err": {
                "message": "AssertionError: Timed out retrying after 4000ms: Expected to find element: `[jsname='XoxYJ']`, but never found it.",
                "estack": "AssertionError: Timed out retrying after 4000ms: Expected to find element: `[jsname='XoxYJ']`, but never found it.\n    at Context.eval (webpack://initial-project/./cypress/support/commands.js:30:5)",
                "diff": null
              },
              "uuid": "154e10d4-a622-4046-88f3-e088df02bff9",
              "parentUUID": "e6026e54-2a8e-489e-99f7-cc90e228bb3c",
              "isHook": false,
              "skipped": false
            },
            {
              "title": "Should Click button 0",
              "fullTitle": "Verify that the user is able to input numbers Should Click button 0",
              "timedOut": null,
              "duration": 4302,
              "state": "failed",
              "speed": null,
              "pass": false,
              "fail": true,
              "pending": false,
              "context": "{\n  \"title\": \"cypress-mochawesome-reporter-screenshots\",\n  \"value\": [\n    [\n      \"\\\\functional\\\\number_input_test.cy.js\\\\Verify that the user is able to input numbers -- Should Click button 0 (failed).png\"\n    ]\n  ]\n}",
              "code": "cy.verifyNumberButtonInput(numbers.zero.idLocator, numbers.zero.value);",
              "err": {
                "message": "AssertionError: Timed out retrying after 4000ms: Expected to find element: `[jsname='bkEvMb']`, but never found it.",
                "estack": "AssertionError: Timed out retrying after 4000ms: Expected to find element: `[jsname='bkEvMb']`, but never found it.\n    at Context.eval (webpack://initial-project/./cypress/support/commands.js:30:5)",
                "diff": null
              },
              "uuid": "7cf8dbae-4d3f-499a-b2b3-0ff1ced11691",
              "parentUUID": "e6026e54-2a8e-489e-99f7-cc90e228bb3c",
              "isHook": false,
              "skipped": false
            }
          ],
          "suites": [],
          "passes": [],
          "failures": [
            "df7f451b-f5ce-4096-8e90-ac5bc0336d20",
            "9ee9631a-c5b1-48c0-8288-3280441920b8",
            "ac2b8cd7-ad35-4cb8-995d-49e4a9bfc930",
            "adab745b-fd01-473a-8983-a3a4895a4319",
            "7d5df936-e0bd-40b6-9898-1d8136006e9f",
            "5653e047-4c33-401d-b5bb-cb4cdedfefc2",
            "164faf78-a19a-4593-b5db-ab6bd4f045e8",
            "bdbe17d6-89c7-481e-90f9-488c06fcbf04",
            "8c7899ac-3e94-4b25-89e1-eb1cb54a5a05",
            "154e10d4-a622-4046-88f3-e088df02bff9",
            "7cf8dbae-4d3f-499a-b2b3-0ff1ced11691"
          ],
          "pending": [],
          "skipped": [],
          "duration": 43368,
          "root": false,
          "rootEmpty": false,
          "_timeout": 2000
        }
      ],
      "passes": [],
      "failures": [],
      "pending": [],
      "skipped": [],
      "duration": 0,
      "root": true,
      "rootEmpty": true,
      "_timeout": 2000
    }
  ],
  "meta": {
    "mocha": {
      "version": "7.0.1"
    },
    "mochawesome": {
      "options": {
        "quiet": false,
        "reportFilename": "mochawesome",
        "saveHtml": false,
        "saveJson": true,
        "consoleReporter": "spec",
        "useInlineDiffs": false,
        "code": true
      },
      "version": "7.1.3"
    },
    "marge": {
      "options": {
        "overwrite": false,
        "html": false,
        "json": true,
        "reportDir": "cypress\\reports\\html\\.jsons"
      },
      "version": "6.2.0"
    }
  }
}