{
  "stats": {
    "suites": 1,
    "tests": 1,
    "passes": 0,
    "pending": 0,
    "failures": 1,
    "start": "2024-05-17T07:47:24.391Z",
    "end": "2024-05-17T07:47:25.119Z",
    "duration": 728,
    "testsRegistered": 2,
    "passPercent": 0,
    "pendingPercent": 0,
    "other": 0,
    "hasOther": false,
    "skipped": 1,
    "hasSkipped": true
  },
  "results": [
    {
      "uuid": "96aaa77a-0ba6-4686-8a9d-be80bcdd7a3a",
      "title": "",
      "fullFile": "cypress\\e2e\\functional\\negative_operations.cy.js",
      "file": "cypress\\e2e\\functional\\negative_operations.cy.js",
      "beforeHooks": [],
      "afterHooks": [],
      "tests": [],
      "suites": [
        {
          "uuid": "e9451542-db58-4ae2-a6e0-d8da1f7eb71e",
          "title": "Verify that the user is able to use negative values",
          "fullFile": "",
          "file": "",
          "beforeHooks": [],
          "afterHooks": [],
          "tests": [
            {
              "title": "Should add -2 + -2",
              "fullTitle": "Verify that the user is able to use negative values Should add -2 + -2",
              "timedOut": null,
              "duration": 659,
              "state": "failed",
              "speed": null,
              "pass": false,
              "fail": true,
              "pending": false,
              "context": "{\n  \"title\": \"cypress-mochawesome-reporter-screenshots\",\n  \"value\": [\n    [\n      \"\\\\functional\\\\negative_operations.cy.js\\\\Verify that the user is able to use negative values -- Should add -2 + -2 -- before each hook (failed).png\"\n    ]\n  ]\n}",
              "code": "cy.verifyNumberButtonInput(numbers.subtract.idLocator, numbers.subtract.displayValue);\ncy.verifyNumberButtonInput(numbers.two.idLocator, numbers.two.value);\ncy.verifyNumberButtonInput(numbers.add.idLocator, numbers.add.displayValue);\ncy.verifyNumberButtonInput(numbers.subtract.idLocator, numbers.subtract.displayValue);\ncy.verifyNumberButtonInput(numbers.two.idLocator, numbers.two.value);\ncy.get(numbers.result.idLocator).click();\ncy.get(calculatorScreen.resultOutput.idLocator).should(\"contain\", \"-4\");",
              "err": {
                "message": "CypressError: `cy.visit()` failed trying to load:\n\nhttps://www.google.com/search?q=calculator/\n\nThe response we received from your web server was:\n\n  > 429: Too Many Requests\n\nThis was considered a failure because the status code was not `2xx`.\n\nThis http request was redirected '1' time to:\n\n  - 302: https://www.google.com/sorry/index?continue=https://www.google.com/search%3Fq%3Dcalculator/&q=EgQyQyhhGIyXnLIGIjBC5yZt4SFaW-F-1nG0vv_Rb5mNYFwYRIUaNOmdCPXz6-MvfRz8pMmoq-nkodMPgNkyAXJaAUM\n\nIf you do not want status codes to cause failures pass the option: `failOnStatusCode: false`\n\nBecause this error occurred during a `before each` hook we are skipping the remaining tests in the current suite: `Verify that the user is abl...`",
                "estack": "CypressError: `cy.visit()` failed trying to load:\n\nhttps://www.google.com/search?q=calculator/\n\nThe response we received from your web server was:\n\n  > 429: Too Many Requests\n\nThis was considered a failure because the status code was not `2xx`.\n\nThis http request was redirected '1' time to:\n\n  - 302: https://www.google.com/sorry/index?continue=https://www.google.com/search%3Fq%3Dcalculator/&q=EgQyQyhhGIyXnLIGIjBC5yZt4SFaW-F-1nG0vv_Rb5mNYFwYRIUaNOmdCPXz6-MvfRz8pMmoq-nkodMPgNkyAXJaAUM\n\nIf you do not want status codes to cause failures pass the option: `failOnStatusCode: false`\n\nBecause this error occurred during a `before each` hook we are skipping the remaining tests in the current suite: `Verify that the user is abl...`\n    at <unknown> (https://www.google.com/__cypress/runner/cypress_runner.js:131464:76)\n    at visitFailedByErr (https://www.google.com/__cypress/runner/cypress_runner.js:130878:12)\n    at <unknown> (https://www.google.com/__cypress/runner/cypress_runner.js:131447:13)\n    at tryCatcher (https://www.google.com/__cypress/runner/cypress_runner.js:1807:23)\n    at Promise._settlePromiseFromHandler (https://www.google.com/__cypress/runner/cypress_runner.js:1519:31)\n    at Promise._settlePromise (https://www.google.com/__cypress/runner/cypress_runner.js:1576:18)\n    at Promise._settlePromise0 (https://www.google.com/__cypress/runner/cypress_runner.js:1621:10)\n    at Promise._settlePromises (https://www.google.com/__cypress/runner/cypress_runner.js:1697:18)\n    at _drainQueueStep (https://www.google.com/__cypress/runner/cypress_runner.js:2407:12)\n    at _drainQueue (https://www.google.com/__cypress/runner/cypress_runner.js:2400:9)\n    at Async._drainQueues (https://www.google.com/__cypress/runner/cypress_runner.js:2416:5)\n    at Async.drainQueues (https://www.google.com/__cypress/runner/cypress_runner.js:2286:14)\nFrom Your Spec Code:\n    at Context.eval (webpack://initial-project/./cypress/e2e/functional/negative_operations.cy.js:5:7)",
                "diff": null
              },
              "uuid": "fa5c0a00-836a-4a29-8285-103856afdf38",
              "parentUUID": "e9451542-db58-4ae2-a6e0-d8da1f7eb71e",
              "isHook": false,
              "skipped": false
            },
            {
              "title": "Should multiply -8 * -4",
              "fullTitle": "Verify that the user is able to use negative values Should multiply -8 * -4",
              "timedOut": null,
              "duration": 0,
              "state": "skipped",
              "speed": null,
              "pass": false,
              "fail": false,
              "pending": false,
              "context": null,
              "code": "cy.verifyNumberButtonInput(numbers.subtract.idLocator, numbers.subtract.displayValue);\ncy.verifyNumberButtonInput(numbers.eight.idLocator, numbers.eight.value);\ncy.verifyNumberButtonInput(numbers.multiply.idLocator, numbers.multiply.displayValue);\ncy.verifyNumberButtonInput(numbers.subtract.idLocator, numbers.subtract.displayValue);\ncy.verifyNumberButtonInput(numbers.four.idLocator, numbers.four.value);\ncy.get(numbers.result.idLocator).click();\ncy.get(calculatorScreen.resultOutput.idLocator).should(\"contain\", \"32\");",
              "err": {},
              "uuid": "5d3ae962-04b0-48be-9ebf-ce6f6b6995f0",
              "parentUUID": "e9451542-db58-4ae2-a6e0-d8da1f7eb71e",
              "isHook": false,
              "skipped": true
            }
          ],
          "suites": [],
          "passes": [],
          "failures": [
            "fa5c0a00-836a-4a29-8285-103856afdf38"
          ],
          "pending": [],
          "skipped": [
            "5d3ae962-04b0-48be-9ebf-ce6f6b6995f0"
          ],
          "duration": 659,
          "root": false,
          "rootEmpty": false,
          "_timeout": 2000
        }
      ],
      "passes": [],
      "failures": [],
      "pending": [],
      "skipped": [],
      "duration": 0,
      "root": true,
      "rootEmpty": true,
      "_timeout": 2000
    }
  ],
  "meta": {
    "mocha": {
      "version": "7.0.1"
    },
    "mochawesome": {
      "options": {
        "quiet": false,
        "reportFilename": "mochawesome",
        "saveHtml": false,
        "saveJson": true,
        "consoleReporter": "spec",
        "useInlineDiffs": false,
        "code": true
      },
      "version": "7.1.3"
    },
    "marge": {
      "options": {
        "overwrite": false,
        "html": false,
        "json": true,
        "reportDir": "cypress\\reports\\html\\.jsons"
      },
      "version": "6.2.0"
    }
  }
}