{
  "stats": {
    "suites": 1,
    "tests": 1,
    "passes": 0,
    "pending": 0,
    "failures": 1,
    "start": "2024-05-17T07:47:12.464Z",
    "end": "2024-05-17T07:47:13.072Z",
    "duration": 608,
    "testsRegistered": 1,
    "passPercent": 0,
    "pendingPercent": 0,
    "other": 0,
    "hasOther": false,
    "skipped": 0,
    "hasSkipped": false
  },
  "results": [
    {
      "uuid": "01cd29fa-9f55-4eb2-9b8c-9e5882a6d05d",
      "title": "",
      "fullFile": "cypress\\e2e\\functional\\decimal_operations.cy.js",
      "file": "cypress\\e2e\\functional\\decimal_operations.cy.js",
      "beforeHooks": [],
      "afterHooks": [],
      "tests": [],
      "suites": [
        {
          "uuid": "fd9e93b0-6925-44d7-942c-a0024800c160",
          "title": "Verify that the user is able mathematical operations with decimals",
          "fullFile": "",
          "file": "",
          "beforeHooks": [],
          "afterHooks": [],
          "tests": [
            {
              "title": "Should add 0.9 + 3.2",
              "fullTitle": "Verify that the user is able mathematical operations with decimals Should add 0.9 + 3.2",
              "timedOut": null,
              "duration": 551,
              "state": "failed",
              "speed": null,
              "pass": false,
              "fail": true,
              "pending": false,
              "context": "{\n  \"title\": \"cypress-mochawesome-reporter-screenshots\",\n  \"value\": [\n    [\n      \"\\\\functional\\\\decimal_operations.cy.js\\\\Verify that the user is able mathematical operations with decimals -- Should add 0.9 + 3.2 -- before each hook (failed).png\"\n    ]\n  ]\n}",
              "code": "cy.verifyNumberButtonInput(numbers.zero.idLocator, numbers.zero.value);\ncy.verifyNumberButtonInput(numbers.point.idLocator, numbers.point.displayValue);\ncy.verifyNumberButtonInput(numbers.nine.idLocator, numbers.nine.value);\ncy.verifyNumberButtonInput(numbers.add.idLocator, numbers.add.displayValue);\ncy.verifyNumberButtonInput(numbers.three.idLocator, numbers.three.value);\ncy.verifyNumberButtonInput(numbers.point.idLocator, numbers.point.displayValue);\ncy.verifyNumberButtonInput(numbers.two.idLocator, numbers.two.value);\ncy.get(numbers.result.idLocator).click();\ncy.get(calculatorScreen.resultOutput.idLocator).should(\"contain\", \"4.1\");",
              "err": {
                "message": "CypressError: `cy.visit()` failed trying to load:\n\nhttps://www.google.com/search?q=calculator/\n\nThe response we received from your web server was:\n\n  > 429: Too Many Requests\n\nThis was considered a failure because the status code was not `2xx`.\n\nThis http request was redirected '1' time to:\n\n  - 302: https://www.google.com/sorry/index?continue=https://www.google.com/search%3Fq%3Dcalculator/&q=EgQyQyhhGICXnLIGIjDs1CYRTwllyv3siC53Q2waPd5vt_-zkv-ZI2AD2dOpz_9IA1mDwl9mMPoA_GTO2d8yAXJaAUM\n\nIf you do not want status codes to cause failures pass the option: `failOnStatusCode: false`\n\nBecause this error occurred during a `before each` hook we are skipping the remaining tests in the current suite: `Verify that the user is abl...`",
                "estack": "CypressError: `cy.visit()` failed trying to load:\n\nhttps://www.google.com/search?q=calculator/\n\nThe response we received from your web server was:\n\n  > 429: Too Many Requests\n\nThis was considered a failure because the status code was not `2xx`.\n\nThis http request was redirected '1' time to:\n\n  - 302: https://www.google.com/sorry/index?continue=https://www.google.com/search%3Fq%3Dcalculator/&q=EgQyQyhhGICXnLIGIjDs1CYRTwllyv3siC53Q2waPd5vt_-zkv-ZI2AD2dOpz_9IA1mDwl9mMPoA_GTO2d8yAXJaAUM\n\nIf you do not want status codes to cause failures pass the option: `failOnStatusCode: false`\n\nBecause this error occurred during a `before each` hook we are skipping the remaining tests in the current suite: `Verify that the user is abl...`\n    at <unknown> (https://www.google.com/__cypress/runner/cypress_runner.js:131464:76)\n    at visitFailedByErr (https://www.google.com/__cypress/runner/cypress_runner.js:130878:12)\n    at <unknown> (https://www.google.com/__cypress/runner/cypress_runner.js:131447:13)\n    at tryCatcher (https://www.google.com/__cypress/runner/cypress_runner.js:1807:23)\n    at Promise._settlePromiseFromHandler (https://www.google.com/__cypress/runner/cypress_runner.js:1519:31)\n    at Promise._settlePromise (https://www.google.com/__cypress/runner/cypress_runner.js:1576:18)\n    at Promise._settlePromise0 (https://www.google.com/__cypress/runner/cypress_runner.js:1621:10)\n    at Promise._settlePromises (https://www.google.com/__cypress/runner/cypress_runner.js:1697:18)\n    at _drainQueueStep (https://www.google.com/__cypress/runner/cypress_runner.js:2407:12)\n    at _drainQueue (https://www.google.com/__cypress/runner/cypress_runner.js:2400:9)\n    at Async._drainQueues (https://www.google.com/__cypress/runner/cypress_runner.js:2416:5)\n    at Async.drainQueues (https://www.google.com/__cypress/runner/cypress_runner.js:2286:14)\nFrom Your Spec Code:\n    at Context.eval (webpack://initial-project/./cypress/e2e/functional/decimal_operations.cy.js:5:7)",
                "diff": null
              },
              "uuid": "2d399ba6-bc44-4af0-ab49-4a0d0206f45b",
              "parentUUID": "fd9e93b0-6925-44d7-942c-a0024800c160",
              "isHook": false,
              "skipped": false
            }
          ],
          "suites": [],
          "passes": [],
          "failures": [
            "2d399ba6-bc44-4af0-ab49-4a0d0206f45b"
          ],
          "pending": [],
          "skipped": [],
          "duration": 551,
          "root": false,
          "rootEmpty": false,
          "_timeout": 2000
        }
      ],
      "passes": [],
      "failures": [],
      "pending": [],
      "skipped": [],
      "duration": 0,
      "root": true,
      "rootEmpty": true,
      "_timeout": 2000
    }
  ],
  "meta": {
    "mocha": {
      "version": "7.0.1"
    },
    "mochawesome": {
      "options": {
        "quiet": false,
        "reportFilename": "mochawesome",
        "saveHtml": false,
        "saveJson": true,
        "consoleReporter": "spec",
        "useInlineDiffs": false,
        "code": true
      },
      "version": "7.1.3"
    },
    "marge": {
      "options": {
        "overwrite": false,
        "html": false,
        "json": true,
        "reportDir": "cypress\\reports\\html\\.jsons"
      },
      "version": "6.2.0"
    }
  }
}