{
  "stats": {
    "suites": 5,
    "tests": 5,
    "passes": 0,
    "pending": 0,
    "failures": 5,
    "start": "2024-05-17T07:47:14.827Z",
    "end": "2024-05-17T07:47:17.949Z",
    "duration": 3122,
    "testsRegistered": 5,
    "passPercent": 0,
    "pendingPercent": 0,
    "other": 0,
    "hasOther": false,
    "skipped": 0,
    "hasSkipped": false
  },
  "results": [
    {
      "uuid": "affeac2a-a350-46c9-a5ea-7b50f75b408a",
      "title": "",
      "fullFile": "cypress\\e2e\\functional\\delete.cy.js",
      "file": "cypress\\e2e\\functional\\delete.cy.js",
      "beforeHooks": [],
      "afterHooks": [],
      "tests": [],
      "suites": [
        {
          "uuid": "87d97ef7-e4ce-4446-a046-13f2b9097516",
          "title": "Verify that the user is able to delete multiple numbers",
          "fullFile": "",
          "file": "",
          "beforeHooks": [],
          "afterHooks": [],
          "tests": [
            {
              "title": "Should input number 123, then Should delete 3 and 2",
              "fullTitle": "Verify that the user is able to delete multiple numbers Should input number 123, then Should delete 3 and 2",
              "timedOut": null,
              "duration": 627,
              "state": "failed",
              "speed": null,
              "pass": false,
              "fail": true,
              "pending": false,
              "context": "{\n  \"title\": \"cypress-mochawesome-reporter-screenshots\",\n  \"value\": [\n    [\n      \"\\\\functional\\\\delete.cy.js\\\\Verify that the user is able to delete multiple numbers -- Should input number 123, then Should delete 3 and 2 -- before all hook (failed).png\"\n    ]\n  ]\n}",
              "code": "cy.verifyNumberButtonInput(numbers.one.idLocator, numbers.one.value);\ncy.verifyNumberButtonInput(numbers.two.idLocator, numbers.two.value);\ncy.verifyNumberButtonInput(numbers.three.idLocator, numbers.three.value);\ncy.clearInput(\"12\");\ncy.clearInput(\"1\");",
              "err": {
                "message": "CypressError: `cy.visit()` failed trying to load:\n\nhttps://www.google.com/search?q=calculator/\n\nThe response we received from your web server was:\n\n  > 429: Too Many Requests\n\nThis was considered a failure because the status code was not `2xx`.\n\nThis http request was redirected '1' time to:\n\n  - 302: https://www.google.com/sorry/index?continue=https://www.google.com/search%3Fq%3Dcalculator/&q=EgQyQyhhGIKXnLIGIjCt2thPDn_IstSUTpClsMmJjn_kHEAzKYykoV4zWBHFP-6hihBFcygFgeiZijB1wwsyAXJaAUM\n\nIf you do not want status codes to cause failures pass the option: `failOnStatusCode: false`\n\nBecause this error occurred during a `before all` hook we are skipping the remaining tests in the current suite: `Verify that the user is abl...`",
                "estack": "CypressError: `cy.visit()` failed trying to load:\n\nhttps://www.google.com/search?q=calculator/\n\nThe response we received from your web server was:\n\n  > 429: Too Many Requests\n\nThis was considered a failure because the status code was not `2xx`.\n\nThis http request was redirected '1' time to:\n\n  - 302: https://www.google.com/sorry/index?continue=https://www.google.com/search%3Fq%3Dcalculator/&q=EgQyQyhhGIKXnLIGIjCt2thPDn_IstSUTpClsMmJjn_kHEAzKYykoV4zWBHFP-6hihBFcygFgeiZijB1wwsyAXJaAUM\n\nIf you do not want status codes to cause failures pass the option: `failOnStatusCode: false`\n\nBecause this error occurred during a `before all` hook we are skipping the remaining tests in the current suite: `Verify that the user is abl...`\n    at <unknown> (https://www.google.com/__cypress/runner/cypress_runner.js:131464:76)\n    at visitFailedByErr (https://www.google.com/__cypress/runner/cypress_runner.js:130878:12)\n    at <unknown> (https://www.google.com/__cypress/runner/cypress_runner.js:131447:13)\n    at tryCatcher (https://www.google.com/__cypress/runner/cypress_runner.js:1807:23)\n    at Promise._settlePromiseFromHandler (https://www.google.com/__cypress/runner/cypress_runner.js:1519:31)\n    at Promise._settlePromise (https://www.google.com/__cypress/runner/cypress_runner.js:1576:18)\n    at Promise._settlePromise0 (https://www.google.com/__cypress/runner/cypress_runner.js:1621:10)\n    at Promise._settlePromises (https://www.google.com/__cypress/runner/cypress_runner.js:1697:18)\n    at _drainQueueStep (https://www.google.com/__cypress/runner/cypress_runner.js:2407:12)\n    at _drainQueue (https://www.google.com/__cypress/runner/cypress_runner.js:2400:9)\n    at Async._drainQueues (https://www.google.com/__cypress/runner/cypress_runner.js:2416:5)\n    at Async.drainQueues (https://www.google.com/__cypress/runner/cypress_runner.js:2286:14)\nFrom Your Spec Code:\n    at Context.eval (webpack://initial-project/./cypress/e2e/functional/delete.cy.js:5:7)",
                "diff": null
              },
              "uuid": "82d94bc0-c75d-494a-a673-edc49ae72faa",
              "parentUUID": "87d97ef7-e4ce-4446-a046-13f2b9097516",
              "isHook": false,
              "skipped": false
            }
          ],
          "suites": [],
          "passes": [],
          "failures": [
            "82d94bc0-c75d-494a-a673-edc49ae72faa"
          ],
          "pending": [],
          "skipped": [],
          "duration": 627,
          "root": false,
          "rootEmpty": false,
          "_timeout": 2000
        },
        {
          "uuid": "eafec470-9e7c-435c-9e1d-e7eb946b56e5",
          "title": "Verify that the user is able to delete last number",
          "fullFile": "",
          "file": "",
          "beforeHooks": [],
          "afterHooks": [],
          "tests": [
            {
              "title": "Should input number 12, then Should delete 2",
              "fullTitle": "Verify that the user is able to delete last number Should input number 12, then Should delete 2",
              "timedOut": null,
              "duration": 622,
              "state": "failed",
              "speed": null,
              "pass": false,
              "fail": true,
              "pending": false,
              "context": "{\n  \"title\": \"cypress-mochawesome-reporter-screenshots\",\n  \"value\": [\n    [\n      \"\\\\functional\\\\delete.cy.js\\\\Verify that the user is able to delete last number -- Should input number 12, then Should delete 2 -- before all hook (failed).png\"\n    ]\n  ]\n}",
              "code": "cy.verifyNumberButtonInput(numbers.one.idLocator, numbers.one.value);\ncy.verifyNumberButtonInput(numbers.two.idLocator, numbers.two.value);\ncy.clearInput(\"1\");",
              "err": {
                "message": "CypressError: `cy.visit()` failed trying to load:\n\nhttps://www.google.com/search?q=calculator/\n\nThe response we received from your web server was:\n\n  > 429: Too Many Requests\n\nThis was considered a failure because the status code was not `2xx`.\n\nThis http request was redirected '1' time to:\n\n  - 302: https://www.google.com/sorry/index?continue=https://www.google.com/search%3Fq%3Dcalculator/&q=EgQyQyhhGIOXnLIGIjAoACePKTnJE83lt1O8WVTQu83Lun0R2BoZTEgWDcqQmCfAl9qjczmD8Divo0cc7PgyAXJaAUM\n\nIf you do not want status codes to cause failures pass the option: `failOnStatusCode: false`\n\nBecause this error occurred during a `before all` hook we are skipping the remaining tests in the current suite: `Verify that the user is abl...`",
                "estack": "CypressError: `cy.visit()` failed trying to load:\n\nhttps://www.google.com/search?q=calculator/\n\nThe response we received from your web server was:\n\n  > 429: Too Many Requests\n\nThis was considered a failure because the status code was not `2xx`.\n\nThis http request was redirected '1' time to:\n\n  - 302: https://www.google.com/sorry/index?continue=https://www.google.com/search%3Fq%3Dcalculator/&q=EgQyQyhhGIOXnLIGIjAoACePKTnJE83lt1O8WVTQu83Lun0R2BoZTEgWDcqQmCfAl9qjczmD8Divo0cc7PgyAXJaAUM\n\nIf you do not want status codes to cause failures pass the option: `failOnStatusCode: false`\n\nBecause this error occurred during a `before all` hook we are skipping the remaining tests in the current suite: `Verify that the user is abl...`\n    at <unknown> (https://www.google.com/__cypress/runner/cypress_runner.js:131464:76)\n    at visitFailedByErr (https://www.google.com/__cypress/runner/cypress_runner.js:130878:12)\n    at <unknown> (https://www.google.com/__cypress/runner/cypress_runner.js:131447:13)\n    at tryCatcher (https://www.google.com/__cypress/runner/cypress_runner.js:1807:23)\n    at Promise._settlePromiseFromHandler (https://www.google.com/__cypress/runner/cypress_runner.js:1519:31)\n    at Promise._settlePromise (https://www.google.com/__cypress/runner/cypress_runner.js:1576:18)\n    at Promise._settlePromise0 (https://www.google.com/__cypress/runner/cypress_runner.js:1621:10)\n    at Promise._settlePromises (https://www.google.com/__cypress/runner/cypress_runner.js:1697:18)\n    at _drainQueueStep (https://www.google.com/__cypress/runner/cypress_runner.js:2407:12)\n    at _drainQueue (https://www.google.com/__cypress/runner/cypress_runner.js:2400:9)\n    at Async._drainQueues (https://www.google.com/__cypress/runner/cypress_runner.js:2416:5)\n    at Async.drainQueues (https://www.google.com/__cypress/runner/cypress_runner.js:2286:14)\nFrom Your Spec Code:\n    at Context.eval (webpack://initial-project/./cypress/e2e/functional/delete.cy.js:20:7)",
                "diff": null
              },
              "uuid": "e6bb201b-2171-4abb-bb75-27762ebd23cc",
              "parentUUID": "eafec470-9e7c-435c-9e1d-e7eb946b56e5",
              "isHook": false,
              "skipped": false
            }
          ],
          "suites": [],
          "passes": [],
          "failures": [
            "e6bb201b-2171-4abb-bb75-27762ebd23cc"
          ],
          "pending": [],
          "skipped": [],
          "duration": 622,
          "root": false,
          "rootEmpty": false,
          "_timeout": 2000
        },
        {
          "uuid": "95410467-9579-4ed3-85a8-455817ba44b5",
          "title": "Verify that the user is able to delete using Delete Key",
          "fullFile": "",
          "file": "",
          "beforeHooks": [],
          "afterHooks": [],
          "tests": [
            {
              "title": "Should input number 12, then Should input number 12, then Should delete 2",
              "fullTitle": "Verify that the user is able to delete using Delete Key Should input number 12, then Should input number 12, then Should delete 2",
              "timedOut": null,
              "duration": 475,
              "state": "failed",
              "speed": null,
              "pass": false,
              "fail": true,
              "pending": false,
              "context": "{\n  \"title\": \"cypress-mochawesome-reporter-screenshots\",\n  \"value\": [\n    [\n      \"\\\\functional\\\\delete.cy.js\\\\Verify that the user is able to delete using Delete Key -- Should input number 12, then Should input number 12, then Should delete 2 -- before all hook (failed).png\"\n    ]\n  ]\n}",
              "code": "cy.verifyNumberButtonInput(numbers.one.idLocator, numbers.one.value);\ncy.verifyNumberButtonInput(numbers.two.idLocator, numbers.two.value);\ncy.get(keyCode.delete.idLocator).type(keyCode.delete.keyCode);\ncy.get(calculatorScreen.resultOutput.idLocator).should(\"contain\", \"1\");",
              "err": {
                "message": "CypressError: `cy.visit()` failed trying to load:\n\nhttps://www.google.com/search?q=calculator/\n\nThe response we received from your web server was:\n\n  > 429: Too Many Requests\n\nThis was considered a failure because the status code was not `2xx`.\n\nThis http request was redirected '1' time to:\n\n  - 302: https://www.google.com/sorry/index?continue=https://www.google.com/search%3Fq%3Dcalculator/&q=EgQyQyhhGIOXnLIGIjAoACePKTnJE83lt1O8WVTQu83Lun0R2BoZTEgWDcqQmCfAl9qjczmD8Divo0cc7PgyAXJaAUM\n\nIf you do not want status codes to cause failures pass the option: `failOnStatusCode: false`\n\nBecause this error occurred during a `before all` hook we are skipping the remaining tests in the current suite: `Verify that the user is abl...`",
                "estack": "CypressError: `cy.visit()` failed trying to load:\n\nhttps://www.google.com/search?q=calculator/\n\nThe response we received from your web server was:\n\n  > 429: Too Many Requests\n\nThis was considered a failure because the status code was not `2xx`.\n\nThis http request was redirected '1' time to:\n\n  - 302: https://www.google.com/sorry/index?continue=https://www.google.com/search%3Fq%3Dcalculator/&q=EgQyQyhhGIOXnLIGIjAoACePKTnJE83lt1O8WVTQu83Lun0R2BoZTEgWDcqQmCfAl9qjczmD8Divo0cc7PgyAXJaAUM\n\nIf you do not want status codes to cause failures pass the option: `failOnStatusCode: false`\n\nBecause this error occurred during a `before all` hook we are skipping the remaining tests in the current suite: `Verify that the user is abl...`\n    at <unknown> (https://www.google.com/__cypress/runner/cypress_runner.js:131464:76)\n    at visitFailedByErr (https://www.google.com/__cypress/runner/cypress_runner.js:130878:12)\n    at <unknown> (https://www.google.com/__cypress/runner/cypress_runner.js:131447:13)\n    at tryCatcher (https://www.google.com/__cypress/runner/cypress_runner.js:1807:23)\n    at Promise._settlePromiseFromHandler (https://www.google.com/__cypress/runner/cypress_runner.js:1519:31)\n    at Promise._settlePromise (https://www.google.com/__cypress/runner/cypress_runner.js:1576:18)\n    at Promise._settlePromise0 (https://www.google.com/__cypress/runner/cypress_runner.js:1621:10)\n    at Promise._settlePromises (https://www.google.com/__cypress/runner/cypress_runner.js:1697:18)\n    at _drainQueueStep (https://www.google.com/__cypress/runner/cypress_runner.js:2407:12)\n    at _drainQueue (https://www.google.com/__cypress/runner/cypress_runner.js:2400:9)\n    at Async._drainQueues (https://www.google.com/__cypress/runner/cypress_runner.js:2416:5)\n    at Async.drainQueues (https://www.google.com/__cypress/runner/cypress_runner.js:2286:14)\nFrom Your Spec Code:\n    at Context.eval (webpack://initial-project/./cypress/e2e/functional/delete.cy.js:33:7)",
                "diff": null
              },
              "uuid": "f234bb19-fc5c-46bc-beed-714c69cf4131",
              "parentUUID": "95410467-9579-4ed3-85a8-455817ba44b5",
              "isHook": false,
              "skipped": false
            }
          ],
          "suites": [],
          "passes": [],
          "failures": [
            "f234bb19-fc5c-46bc-beed-714c69cf4131"
          ],
          "pending": [],
          "skipped": [],
          "duration": 475,
          "root": false,
          "rootEmpty": false,
          "_timeout": 2000
        },
        {
          "uuid": "cf22c445-3e03-4ac6-8694-d411460fef05",
          "title": "Verify that after mathematical operation Clicking Delete will erase all input",
          "fullFile": "",
          "file": "",
          "beforeHooks": [],
          "afterHooks": [],
          "tests": [
            {
              "title": "Should multiply 4 x 5, then Delete should erase all values from display and place 0",
              "fullTitle": "Verify that after mathematical operation Clicking Delete will erase all input Should multiply 4 x 5, then Delete should erase all values from display and place 0",
              "timedOut": null,
              "duration": 601,
              "state": "failed",
              "speed": null,
              "pass": false,
              "fail": true,
              "pending": false,
              "context": "{\n  \"title\": \"cypress-mochawesome-reporter-screenshots\",\n  \"value\": [\n    [\n      \"\\\\functional\\\\delete.cy.js\\\\Verify that after mathematical operation Clicking Delete will erase all input -- Should multiply 4 x 5, then Delete should erase all values from display and place 0 -- before all hook (failed).png\"\n    ]\n  ]\n}",
              "code": "cy.verifyNumberButtonInput(numbers.four.idLocator, numbers.four.value);\ncy.get(numbers.multiply.idLocator).click();\ncy.verifyNumberButtonInput(numbers.five.idLocator, numbers.five.value);\ncy.get(numbers.result.idLocator).click();\ncy.get(numbers.result.idLocator).click();\ncy.get(calculatorScreen.resultOutput.idLocator).should(\"contain\", \"0\");",
              "err": {
                "message": "CypressError: `cy.visit()` failed trying to load:\n\nhttps://www.google.com/search?q=calculator/\n\nThe response we received from your web server was:\n\n  > 429: Too Many Requests\n\nThis was considered a failure because the status code was not `2xx`.\n\nThis http request was redirected '1' time to:\n\n  - 302: https://www.google.com/sorry/index?continue=https://www.google.com/search%3Fq%3Dcalculator/&q=EgQyQyhhGISXnLIGIjChP_CKDAuDraWTaEjoPUtPh7OGUaUx0PifIonTTFyZ-nuzEs-3P71TkoxIWQo6gtAyAXJaAUM\n\nIf you do not want status codes to cause failures pass the option: `failOnStatusCode: false`\n\nBecause this error occurred during a `before all` hook we are skipping the remaining tests in the current suite: `Verify that after mathemati...`",
                "estack": "CypressError: `cy.visit()` failed trying to load:\n\nhttps://www.google.com/search?q=calculator/\n\nThe response we received from your web server was:\n\n  > 429: Too Many Requests\n\nThis was considered a failure because the status code was not `2xx`.\n\nThis http request was redirected '1' time to:\n\n  - 302: https://www.google.com/sorry/index?continue=https://www.google.com/search%3Fq%3Dcalculator/&q=EgQyQyhhGISXnLIGIjChP_CKDAuDraWTaEjoPUtPh7OGUaUx0PifIonTTFyZ-nuzEs-3P71TkoxIWQo6gtAyAXJaAUM\n\nIf you do not want status codes to cause failures pass the option: `failOnStatusCode: false`\n\nBecause this error occurred during a `before all` hook we are skipping the remaining tests in the current suite: `Verify that after mathemati...`\n    at <unknown> (https://www.google.com/__cypress/runner/cypress_runner.js:131464:76)\n    at visitFailedByErr (https://www.google.com/__cypress/runner/cypress_runner.js:130878:12)\n    at <unknown> (https://www.google.com/__cypress/runner/cypress_runner.js:131447:13)\n    at tryCatcher (https://www.google.com/__cypress/runner/cypress_runner.js:1807:23)\n    at Promise._settlePromiseFromHandler (https://www.google.com/__cypress/runner/cypress_runner.js:1519:31)\n    at Promise._settlePromise (https://www.google.com/__cypress/runner/cypress_runner.js:1576:18)\n    at Promise._settlePromise0 (https://www.google.com/__cypress/runner/cypress_runner.js:1621:10)\n    at Promise._settlePromises (https://www.google.com/__cypress/runner/cypress_runner.js:1697:18)\n    at _drainQueueStep (https://www.google.com/__cypress/runner/cypress_runner.js:2407:12)\n    at _drainQueue (https://www.google.com/__cypress/runner/cypress_runner.js:2400:9)\n    at Async._drainQueues (https://www.google.com/__cypress/runner/cypress_runner.js:2416:5)\n    at Async.drainQueues (https://www.google.com/__cypress/runner/cypress_runner.js:2286:14)\nFrom Your Spec Code:\n    at Context.eval (webpack://initial-project/./cypress/e2e/functional/delete.cy.js:47:7)",
                "diff": null
              },
              "uuid": "c9102bf2-ca87-49b0-bba4-d2334867fd79",
              "parentUUID": "cf22c445-3e03-4ac6-8694-d411460fef05",
              "isHook": false,
              "skipped": false
            }
          ],
          "suites": [],
          "passes": [],
          "failures": [
            "c9102bf2-ca87-49b0-bba4-d2334867fd79"
          ],
          "pending": [],
          "skipped": [],
          "duration": 601,
          "root": false,
          "rootEmpty": false,
          "_timeout": 2000
        },
        {
          "uuid": "045fb9a7-6307-40a0-a647-7e90cf22b880",
          "title": "Verify that after mathematical Pressing Clicking Delete will erase all input",
          "fullFile": "",
          "file": "",
          "beforeHooks": [],
          "afterHooks": [],
          "tests": [
            {
              "title": "Should multiply 4 x 5, then Delete should erase all values from display and place 0",
              "fullTitle": "Verify that after mathematical Pressing Clicking Delete will erase all input Should multiply 4 x 5, then Delete should erase all values from display and place 0",
              "timedOut": null,
              "duration": 622,
              "state": "failed",
              "speed": null,
              "pass": false,
              "fail": true,
              "pending": false,
              "context": "{\n  \"title\": \"cypress-mochawesome-reporter-screenshots\",\n  \"value\": [\n    [\n      \"\\\\functional\\\\delete.cy.js\\\\Verify that after mathematical Pressing Clicking Delete will erase all input -- Should multiply 4 x 5, then Delete should erase all values from display and place 0 -- before all hook (failed).png\"\n    ]\n  ]\n}",
              "code": "cy.verifyNumberButtonInput(numbers.four.idLocator, numbers.four.value);\ncy.get(numbers.multiply.idLocator).click();\ncy.verifyNumberButtonInput(numbers.five.idLocator, numbers.five.value);\ncy.get(numbers.result.idLocator).click();\ncy.get(keyCode.delete.idLocator).type(keyCode.delete.keyCode);\ncy.get(calculatorScreen.resultOutput.idLocator).should(\"contain\", \"0\");",
              "err": {
                "message": "CypressError: `cy.visit()` failed trying to load:\n\nhttps://www.google.com/search?q=calculator/\n\nThe response we received from your web server was:\n\n  > 429: Too Many Requests\n\nThis was considered a failure because the status code was not `2xx`.\n\nThis http request was redirected '1' time to:\n\n  - 302: https://www.google.com/sorry/index?continue=https://www.google.com/search%3Fq%3Dcalculator/&q=EgQyQyhhGIWXnLIGIjCKREYzEITW6rinojSsjMeCENT55ZktpkRIhjbtEdAhO23AVBsU0fRNTyMSxuxGtQIyAXJaAUM\n\nIf you do not want status codes to cause failures pass the option: `failOnStatusCode: false`\n\nBecause this error occurred during a `before all` hook we are skipping the remaining tests in the current suite: `Verify that after mathemati...`",
                "estack": "CypressError: `cy.visit()` failed trying to load:\n\nhttps://www.google.com/search?q=calculator/\n\nThe response we received from your web server was:\n\n  > 429: Too Many Requests\n\nThis was considered a failure because the status code was not `2xx`.\n\nThis http request was redirected '1' time to:\n\n  - 302: https://www.google.com/sorry/index?continue=https://www.google.com/search%3Fq%3Dcalculator/&q=EgQyQyhhGIWXnLIGIjCKREYzEITW6rinojSsjMeCENT55ZktpkRIhjbtEdAhO23AVBsU0fRNTyMSxuxGtQIyAXJaAUM\n\nIf you do not want status codes to cause failures pass the option: `failOnStatusCode: false`\n\nBecause this error occurred during a `before all` hook we are skipping the remaining tests in the current suite: `Verify that after mathemati...`\n    at <unknown> (https://www.google.com/__cypress/runner/cypress_runner.js:131464:76)\n    at visitFailedByErr (https://www.google.com/__cypress/runner/cypress_runner.js:130878:12)\n    at <unknown> (https://www.google.com/__cypress/runner/cypress_runner.js:131447:13)\n    at tryCatcher (https://www.google.com/__cypress/runner/cypress_runner.js:1807:23)\n    at Promise._settlePromiseFromHandler (https://www.google.com/__cypress/runner/cypress_runner.js:1519:31)\n    at Promise._settlePromise (https://www.google.com/__cypress/runner/cypress_runner.js:1576:18)\n    at Promise._settlePromise0 (https://www.google.com/__cypress/runner/cypress_runner.js:1621:10)\n    at Promise._settlePromises (https://www.google.com/__cypress/runner/cypress_runner.js:1697:18)\n    at _drainQueueStep (https://www.google.com/__cypress/runner/cypress_runner.js:2407:12)\n    at _drainQueue (https://www.google.com/__cypress/runner/cypress_runner.js:2400:9)\n    at Async._drainQueues (https://www.google.com/__cypress/runner/cypress_runner.js:2416:5)\n    at Async.drainQueues (https://www.google.com/__cypress/runner/cypress_runner.js:2286:14)\nFrom Your Spec Code:\n    at Context.eval (webpack://initial-project/./cypress/e2e/functional/delete.cy.js:63:7)",
                "diff": null
              },
              "uuid": "bfd32a6f-63a0-4810-8dfb-e3820c300bf2",
              "parentUUID": "045fb9a7-6307-40a0-a647-7e90cf22b880",
              "isHook": false,
              "skipped": false
            }
          ],
          "suites": [],
          "passes": [],
          "failures": [
            "bfd32a6f-63a0-4810-8dfb-e3820c300bf2"
          ],
          "pending": [],
          "skipped": [],
          "duration": 622,
          "root": false,
          "rootEmpty": false,
          "_timeout": 2000
        }
      ],
      "passes": [],
      "failures": [],
      "pending": [],
      "skipped": [],
      "duration": 0,
      "root": true,
      "rootEmpty": true,
      "_timeout": 2000
    }
  ],
  "meta": {
    "mocha": {
      "version": "7.0.1"
    },
    "mochawesome": {
      "options": {
        "quiet": false,
        "reportFilename": "mochawesome",
        "saveHtml": false,
        "saveJson": true,
        "consoleReporter": "spec",
        "useInlineDiffs": false,
        "code": true
      },
      "version": "7.1.3"
    },
    "marge": {
      "options": {
        "overwrite": false,
        "html": false,
        "json": true,
        "reportDir": "cypress\\reports\\html\\.jsons"
      },
      "version": "6.2.0"
    }
  }
}